2017-01-25 13:04:48,100 INFO     BEGIN
2017-01-25 13:04:48,100 INFO     struct {
    trainer:
        n_replay_episodes: 500
        good_fraction: 0.1
        n_update_iters: 100
        resume: False
        n_desc_iters: 2300
        n_batch_history: 3
        n_iters: 1600
        n_rollout_episodes: 1
        n_batch_episodes: 256
        n_distractors: 1
        n_timeout: 3
    task:
        lexicon: False
        name: 'ColorRefTask'
        calibrate: False
        visualize: False
        evaluate: False
        train: True
    name: 'color_train'
    lexicographer:
        l_agent: 1
        c_agent: 0
        mode: 'belief'
    translator:
        step_size: 0.0003
        name: 'GenBeliefTranslator'
        normalization: 'local'
        n_hidden: 128
    model:
        message_cost: 0.0
        name: 'RecurrentQModel'
        communicate: True
        n_embed: 64
        discount: 0.9
        step_size: 0.003
        feature_depth: 1
        n_hidden: 256
    evaluator:
        simulate_l: False
        n_episodes: 100
    channel:
        normalize: True
        std: 0.3
        name: 'GaussianChannel'
        n_msg: 64
    experiment_dir: 'experiments/color_train'
}
2017-01-25 13:05:22,430 INFO     [iter] 	100
2017-01-25 13:05:22,431 INFO     [score]	0.0640	0.1100
2017-01-25 13:05:22,431 INFO     [loss] 	0.0000	0.0000	0.0000
2017-01-25 13:05:22,431 INFO     
2017-01-25 13:05:33,816 INFO     [iter] 	200
2017-01-25 13:05:33,816 INFO     [score]	0.1700	0.2400
2017-01-25 13:05:33,817 INFO     [loss] 	0.0000	0.0000	0.0000
2017-01-25 13:05:33,817 INFO     
2017-01-25 13:05:55,141 INFO     [cal]  	{'random': 0, 'human': 109}
2017-01-25 13:07:18,372 INFO     [c,l]  	[ 0.389  0.5  ]
2017-01-25 13:09:17,882 INFO     [l,c]  	[-0.149  0.12 ]
2017-01-25 13:09:17,883 INFO     
2017-01-25 13:09:31,472 INFO     [iter] 	300
2017-01-25 13:09:31,473 INFO     [score]	0.1920	0.2800
2017-01-25 13:09:31,473 INFO     [loss] 	0.0712	1.3603	13.9471
2017-01-25 13:09:31,473 INFO     
2017-01-25 13:10:13,689 INFO     [iter] 	400
2017-01-25 13:10:13,689 INFO     [score]	0.1620	0.2400
2017-01-25 13:10:13,689 INFO     [loss] 	0.0831	2.1752	8.2761
2017-01-25 13:10:13,689 INFO     
2017-01-25 13:10:36,639 INFO     [cal]  	{'random': 0, 'human': 119}
2017-01-25 13:11:58,153 INFO     [c,l]  	[ 0.4  0.5]
2017-01-25 13:13:37,414 INFO     [l,c]  	[ 0.407  0.55 ]
2017-01-25 13:13:37,414 INFO     
2017-01-25 13:14:10,374 INFO     [iter] 	500
2017-01-25 13:14:10,374 INFO     [score]	0.3930	0.4900
2017-01-25 13:14:10,374 INFO     [loss] 	0.0683	1.9323	4.7588
2017-01-25 13:14:10,374 INFO     
2017-01-25 13:14:52,446 INFO     [iter] 	600
2017-01-25 13:14:52,447 INFO     [score]	0.3940	0.4900
2017-01-25 13:14:52,447 INFO     [loss] 	0.0746	1.7395	4.0877
2017-01-25 13:14:52,447 INFO     
2017-01-25 13:15:16,534 INFO     [cal]  	{'random': 0, 'human': 117}
2017-01-25 13:16:36,592 INFO     [c,l]  	[ 0.36  0.46]
2017-01-25 13:18:05,372 INFO     [l,c]  	[ 0.487  0.61 ]
2017-01-25 13:18:05,372 INFO     
2017-01-25 13:18:38,381 INFO     [iter] 	700
2017-01-25 13:18:38,382 INFO     [score]	0.5650	0.6600
2017-01-25 13:18:38,382 INFO     [loss] 	0.0727	1.5981	3.9593
2017-01-25 13:18:38,382 INFO     
2017-01-25 13:19:21,851 INFO     [iter] 	800
2017-01-25 13:19:21,852 INFO     [score]	0.5740	0.6600
2017-01-25 13:19:21,852 INFO     [loss] 	0.0715	1.5432	4.0064
2017-01-25 13:19:21,852 INFO     
2017-01-25 13:19:45,293 INFO     [cal]  	{'random': 0, 'human': 127}
2017-01-25 13:21:06,188 INFO     [c,l]  	[ 0.43  0.53]
2017-01-25 13:22:41,418 INFO     [l,c]  	[ 0.493  0.63 ]
2017-01-25 13:22:41,419 INFO     
2017-01-25 13:23:14,713 INFO     [iter] 	900
2017-01-25 13:23:14,714 INFO     [score]	0.7820	0.8900
2017-01-25 13:23:14,714 INFO     [loss] 	0.0609	1.5184	4.1128
2017-01-25 13:23:14,714 INFO     
2017-01-25 13:23:56,413 INFO     [iter] 	1000
2017-01-25 13:23:56,414 INFO     [score]	0.7850	0.8800
2017-01-25 13:23:56,414 INFO     [loss] 	0.0508	1.4856	4.3057
2017-01-25 13:23:56,414 INFO     
2017-01-25 13:24:20,850 INFO     [cal]  	{'random': 0, 'human': 139}
2017-01-25 13:25:39,236 INFO     [c,l]  	[ 0.45  0.55]
2017-01-25 13:27:05,095 INFO     [l,c]  	[ 0.622  0.74 ]
2017-01-25 13:27:05,095 INFO     
2017-01-25 13:27:38,011 INFO     [iter] 	1100
2017-01-25 13:27:38,011 INFO     [score]	0.7840	0.8800
2017-01-25 13:27:38,011 INFO     [loss] 	0.0423	1.4598	4.3235
2017-01-25 13:27:38,011 INFO     
2017-01-25 13:28:20,834 INFO     [iter] 	1200
2017-01-25 13:28:20,834 INFO     [score]	0.7970	0.8900
2017-01-25 13:28:20,835 INFO     [loss] 	0.0323	1.4212	4.2984
2017-01-25 13:28:20,835 INFO     
2017-01-25 13:28:44,839 INFO     [cal]  	{'random': 0, 'human': 153}
2017-01-25 13:30:02,858 INFO     [c,l]  	[ 0.55  0.65]
2017-01-25 13:31:27,453 INFO     [l,c]  	[ 0.56  0.67]
2017-01-25 13:31:27,454 INFO     
2017-01-25 13:32:01,471 INFO     [iter] 	1300
2017-01-25 13:32:01,471 INFO     [score]	0.8090	0.9100
2017-01-25 13:32:01,472 INFO     [loss] 	0.0259	1.3991	4.3792
2017-01-25 13:32:01,472 INFO     
2017-01-25 13:32:44,362 INFO     [iter] 	1400
2017-01-25 13:32:44,362 INFO     [score]	0.8460	0.9500
2017-01-25 13:32:44,363 INFO     [loss] 	0.0195	1.3799	4.3981
2017-01-25 13:32:44,363 INFO     
2017-01-25 13:33:08,258 INFO     [cal]  	{'random': 0, 'human': 177}
2017-01-25 13:34:29,350 INFO     [c,l]  	[ 0.69  0.79]
2017-01-25 13:35:51,815 INFO     [l,c]  	[ 0.736  0.84 ]
2017-01-25 13:35:51,816 INFO     
2017-01-25 13:36:25,398 INFO     [iter] 	1500
2017-01-25 13:36:25,398 INFO     [score]	0.8290	0.9300
2017-01-25 13:36:25,398 INFO     [loss] 	0.0170	1.3614	4.4184
2017-01-25 13:36:25,398 INFO     
2017-01-25 13:37:08,040 INFO     [iter] 	1600
2017-01-25 13:37:08,041 INFO     [score]	0.8600	0.9600
2017-01-25 13:37:08,041 INFO     [loss] 	0.0155	1.3337	4.3693
2017-01-25 13:37:08,041 INFO     
2017-01-25 13:37:32,195 INFO     [cal]  	{'random': 0, 'human': 194}
2017-01-25 13:38:53,111 INFO     [c,l]  	[ 0.67  0.77]
2017-01-25 13:40:14,946 INFO     [l,c]  	[ 0.667  0.77 ]
2017-01-25 13:40:14,946 INFO     
2017-01-25 13:40:29,655 INFO     [iter] 	1700
2017-01-25 13:40:29,655 INFO     [score]	0.7870	0.8800
2017-01-25 13:40:29,655 INFO     [loss] 	0.0000	1.2998	0.0000
2017-01-25 13:40:29,655 INFO     
2017-01-25 13:40:54,712 INFO     [iter] 	1800
2017-01-25 13:40:54,713 INFO     [score]	0.7270	0.8200
2017-01-25 13:40:54,713 INFO     [loss] 	0.0000	1.2610	0.0000
2017-01-25 13:40:54,713 INFO     
2017-01-25 13:41:18,344 INFO     [cal]  	{'random': 0, 'human': 208}
2017-01-25 13:42:28,338 INFO     [c,l]  	[ 0.64  0.74]
2017-01-25 13:43:43,112 INFO     [l,c]  	[ 0.637  0.74 ]
2017-01-25 13:43:43,112 INFO     
2017-01-25 13:43:57,980 INFO     [iter] 	1900
2017-01-25 13:43:57,981 INFO     [score]	0.8120	0.9100
2017-01-25 13:43:57,981 INFO     [loss] 	0.0000	1.2310	0.0000
2017-01-25 13:43:57,981 INFO     
2017-01-25 13:44:23,239 INFO     [iter] 	2000
2017-01-25 13:44:23,239 INFO     [score]	0.8140	0.9100
2017-01-25 13:44:23,239 INFO     [loss] 	0.0000	1.2279	0.0000
2017-01-25 13:44:23,239 INFO     
2017-01-25 13:44:47,735 INFO     [cal]  	{'random': 0, 'human': 215}
2017-01-25 13:46:09,910 INFO     [c,l]  	[ 0.7  0.8]
2017-01-25 13:47:33,381 INFO     [l,c]  	[ 0.623  0.73 ]
2017-01-25 13:47:33,381 INFO     
2017-01-25 13:47:48,682 INFO     [iter] 	2100
2017-01-25 13:47:48,682 INFO     [score]	0.8150	0.9100
2017-01-25 13:47:48,682 INFO     [loss] 	0.0000	1.2148	0.0000
2017-01-25 13:47:48,682 INFO     
2017-01-25 13:48:14,452 INFO     [iter] 	2200
2017-01-25 13:48:14,453 INFO     [score]	0.7640	0.8600
2017-01-25 13:48:14,453 INFO     [loss] 	0.0000	1.1863	0.0000
2017-01-25 13:48:14,453 INFO     
2017-01-25 13:48:38,160 INFO     [cal]  	{'random': 0, 'human': 222}
2017-01-25 13:49:59,298 INFO     [c,l]  	[ 0.66  0.76]
2017-01-25 13:51:22,303 INFO     [l,c]  	[ 0.634  0.74 ]
2017-01-25 13:51:22,303 INFO     
2017-01-25 13:51:37,149 INFO     [iter] 	2300
2017-01-25 13:51:37,149 INFO     [score]	0.8140	0.9100
2017-01-25 13:51:37,149 INFO     [loss] 	0.0000	1.1804	0.0000
2017-01-25 13:51:37,149 INFO     
2017-01-25 13:51:47,566 ERROR    Uncaught exception: Struct instance has no attribute 'turkify'
None
2017-01-25 13:51:47,568 ERROR    Traceback (most recent call last):

  File "main.py", line 101, in <module>
    main()

  File "main.py", line 69, in main
    if config.task.turkify:

AttributeError: Struct instance has no attribute 'turkify'
None
